This file contains any messages produced by compilers while
running configure, to aid debugging if configure makes a mistake.

It was created by libtorrent-rasterbar configure 0.14.7, which was
generated by GNU Autoconf 2.64.  Invocation command line was

  $ ./configure 

## --------- ##
## Platform. ##
## --------- ##

hostname = classe
uname -m = x86_64
uname -r = 3.13.0-39-lowlatency
uname -s = Linux
uname -v = #66+7.0trisquel2 SMP PREEMPT Wed Oct 29 17:10:10 UTC 2014

/usr/bin/uname -p = unknown
/bin/uname -X     = unknown

/bin/arch              = unknown
/usr/bin/arch -k       = unknown
/usr/convex/getsysinfo = unknown
/usr/bin/hostinfo      = unknown
/bin/machine           = unknown
/usr/bin/oslevel       = unknown
/bin/universe          = unknown

PATH: /usr/local/sbin
PATH: /usr/local/bin
PATH: /usr/sbin
PATH: /usr/bin
PATH: /sbin
PATH: /bin
PATH: /usr/games
PATH: /usr/local/games


## ----------- ##
## Core tests. ##
## ----------- ##

configure:2622: checking for a BSD-compatible install
configure:2690: result: /usr/bin/install -c
configure:2701: checking whether build environment is sane
configure:2751: result: yes
configure:2892: checking for a thread-safe mkdir -p
configure:2931: result: /bin/mkdir -p
configure:2944: checking for gawk
configure:2974: result: no
configure:2944: checking for mawk
configure:2960: found /usr/bin/mawk
configure:2971: result: mawk
configure:2982: checking whether make sets $(MAKE)
configure:3004: result: yes
configure:3143: checking for gcc
configure:3159: found /usr/bin/gcc
configure:3170: result: gcc
configure:3399: checking for C compiler version
configure:3408: gcc --version >&5
gcc (Ubuntu 4.8.4-2ubuntu1~14.04.3) 4.8.4
Copyright (C) 2013 Free Software Foundation, Inc.
This is free software; see the source for copying conditions.  There is NO
warranty; not even for MERCHANTABILITY or FITNESS FOR A PARTICULAR PURPOSE.

configure:3419: $? = 0
configure:3408: gcc -v >&5
Using built-in specs.
COLLECT_GCC=gcc
COLLECT_LTO_WRAPPER=/usr/lib/gcc/x86_64-linux-gnu/4.8/lto-wrapper
Target: x86_64-linux-gnu
Configured with: ../src/configure -v --with-pkgversion='Ubuntu 4.8.4-2ubuntu1~14.04.3' --with-bugurl=file:///usr/share/doc/gcc-4.8/README.Bugs --enable-languages=c,c++,java,go,d,fortran,objc,obj-c++ --prefix=/usr --program-suffix=-4.8 --enable-shared --enable-linker-build-id --libexecdir=/usr/lib --without-included-gettext --enable-threads=posix --with-gxx-include-dir=/usr/include/c++/4.8 --libdir=/usr/lib --enable-nls --with-sysroot=/ --enable-clocale=gnu --enable-libstdcxx-debug --enable-libstdcxx-time=yes --enable-gnu-unique-object --disable-libmudflap --enable-plugin --with-system-zlib --disable-browser-plugin --enable-java-awt=gtk --enable-gtk-cairo --with-java-home=/usr/lib/jvm/java-1.5.0-gcj-4.8-amd64/jre --enable-java-home --with-jvm-root-dir=/usr/lib/jvm/java-1.5.0-gcj-4.8-amd64 --with-jvm-jar-dir=/usr/lib/jvm-exports/java-1.5.0-gcj-4.8-amd64 --with-arch-directory=amd64 --with-ecj-jar=/usr/share/java/eclipse-ecj.jar --enable-objc-gc --enable-multiarch --disable-werror --with-arch-32=i686 --with-abi=m64 --with-multilib-list=m32,m64,mx32 --with-tune=generic --enable-checking=release --build=x86_64-linux-gnu --host=x86_64-linux-gnu --target=x86_64-linux-gnu
Thread model: posix
gcc version 4.8.4 (Ubuntu 4.8.4-2ubuntu1~14.04.3) 
configure:3419: $? = 0
configure:3408: gcc -V >&5
gcc: error: unrecognized command line option '-V'
gcc: fatal error: no input files
compilation terminated.
configure:3419: $? = 4
configure:3408: gcc -qversion >&5
gcc: error: unrecognized command line option '-qversion'
gcc: fatal error: no input files
compilation terminated.
configure:3419: $? = 4
configure:3441: checking for C compiler default output file name
configure:3463: gcc    conftest.c  >&5
configure:3467: $? = 0
configure:3504: result: a.out
configure:3520: checking whether the C compiler works
configure:3529: ./a.out
configure:3533: $? = 0
configure:3548: result: yes
configure:3555: checking whether we are cross compiling
configure:3557: result: no
configure:3560: checking for suffix of executables
configure:3567: gcc -o conftest    conftest.c  >&5
configure:3571: $? = 0
configure:3593: result: 
configure:3599: checking for suffix of object files
configure:3621: gcc -c   conftest.c >&5
configure:3625: $? = 0
configure:3646: result: o
configure:3650: checking whether we are using the GNU C compiler
configure:3669: gcc -c   conftest.c >&5
configure:3669: $? = 0
configure:3678: result: yes
configure:3687: checking whether gcc accepts -g
configure:3707: gcc -c -g  conftest.c >&5
configure:3707: $? = 0
configure:3748: result: yes
configure:3765: checking for gcc option to accept ISO C89
configure:3829: gcc  -c -g -O2  conftest.c >&5
configure:3829: $? = 0
configure:3842: result: none needed
configure:3873: checking for style of include used by make
configure:3901: result: GNU
configure:3926: checking dependency style of gcc
configure:4036: result: gcc3
configure:4061: checking how to run the C preprocessor
configure:4092: gcc -E  conftest.c
configure:4092: $? = 0
configure:4106: gcc -E  conftest.c
conftest.c:11:28: fatal error: ac_nonexistent.h: No such file or directory
 #include <ac_nonexistent.h>
                            ^
compilation terminated.
configure:4106: $? = 1
configure: failed program was:
| /* confdefs.h */
| #define PACKAGE_NAME "libtorrent-rasterbar"
| #define PACKAGE_TARNAME "libtorrent-rasterbar"
| #define PACKAGE_VERSION "0.14.7"
| #define PACKAGE_STRING "libtorrent-rasterbar 0.14.7"
| #define PACKAGE_BUGREPORT "arvid@cs.umu.se"
| #define PACKAGE_URL ""
| #define PACKAGE "libtorrent-rasterbar"
| #define VERSION "0.14.7"
| /* end confdefs.h.  */
| #include <ac_nonexistent.h>
configure:4131: result: gcc -E
configure:4151: gcc -E  conftest.c
configure:4151: $? = 0
configure:4165: gcc -E  conftest.c
conftest.c:11:28: fatal error: ac_nonexistent.h: No such file or directory
 #include <ac_nonexistent.h>
                            ^
compilation terminated.
configure:4165: $? = 1
configure: failed program was:
| /* confdefs.h */
| #define PACKAGE_NAME "libtorrent-rasterbar"
| #define PACKAGE_TARNAME "libtorrent-rasterbar"
| #define PACKAGE_VERSION "0.14.7"
| #define PACKAGE_STRING "libtorrent-rasterbar 0.14.7"
| #define PACKAGE_BUGREPORT "arvid@cs.umu.se"
| #define PACKAGE_URL ""
| #define PACKAGE "libtorrent-rasterbar"
| #define VERSION "0.14.7"
| /* end confdefs.h.  */
| #include <ac_nonexistent.h>
configure:4251: checking for g++
configure:4267: found /usr/bin/g++
configure:4278: result: g++
configure:4305: checking for C++ compiler version
configure:4314: g++ --version >&5
g++ (Ubuntu 4.8.4-2ubuntu1~14.04.3) 4.8.4
Copyright (C) 2013 Free Software Foundation, Inc.
This is free software; see the source for copying conditions.  There is NO
warranty; not even for MERCHANTABILITY or FITNESS FOR A PARTICULAR PURPOSE.

configure:4325: $? = 0
configure:4314: g++ -v >&5
Using built-in specs.
COLLECT_GCC=g++
COLLECT_LTO_WRAPPER=/usr/lib/gcc/x86_64-linux-gnu/4.8/lto-wrapper
Target: x86_64-linux-gnu
Configured with: ../src/configure -v --with-pkgversion='Ubuntu 4.8.4-2ubuntu1~14.04.3' --with-bugurl=file:///usr/share/doc/gcc-4.8/README.Bugs --enable-languages=c,c++,java,go,d,fortran,objc,obj-c++ --prefix=/usr --program-suffix=-4.8 --enable-shared --enable-linker-build-id --libexecdir=/usr/lib --without-included-gettext --enable-threads=posix --with-gxx-include-dir=/usr/include/c++/4.8 --libdir=/usr/lib --enable-nls --with-sysroot=/ --enable-clocale=gnu --enable-libstdcxx-debug --enable-libstdcxx-time=yes --enable-gnu-unique-object --disable-libmudflap --enable-plugin --with-system-zlib --disable-browser-plugin --enable-java-awt=gtk --enable-gtk-cairo --with-java-home=/usr/lib/jvm/java-1.5.0-gcj-4.8-amd64/jre --enable-java-home --with-jvm-root-dir=/usr/lib/jvm/java-1.5.0-gcj-4.8-amd64 --with-jvm-jar-dir=/usr/lib/jvm-exports/java-1.5.0-gcj-4.8-amd64 --with-arch-directory=amd64 --with-ecj-jar=/usr/share/java/eclipse-ecj.jar --enable-objc-gc --enable-multiarch --disable-werror --with-arch-32=i686 --with-abi=m64 --with-multilib-list=m32,m64,mx32 --with-tune=generic --enable-checking=release --build=x86_64-linux-gnu --host=x86_64-linux-gnu --target=x86_64-linux-gnu
Thread model: posix
gcc version 4.8.4 (Ubuntu 4.8.4-2ubuntu1~14.04.3) 
configure:4325: $? = 0
configure:4314: g++ -V >&5
g++: error: unrecognized command line option '-V'
g++: fatal error: no input files
compilation terminated.
configure:4325: $? = 4
configure:4314: g++ -qversion >&5
g++: error: unrecognized command line option '-qversion'
g++: fatal error: no input files
compilation terminated.
configure:4325: $? = 4
configure:4329: checking whether we are using the GNU C++ compiler
configure:4348: g++ -c   conftest.cpp >&5
configure:4348: $? = 0
configure:4357: result: yes
configure:4366: checking whether g++ accepts -g
configure:4386: g++ -c -g  conftest.cpp >&5
configure:4386: $? = 0
configure:4427: result: yes
configure:4452: checking dependency style of g++
configure:4562: result: gcc3
configure:4657: checking whether make sets $(MAKE)
configure:4679: result: yes
configure:4717: checking build system type
configure:4731: result: x86_64-unknown-linux-gnu
configure:4751: checking host system type
configure:4764: result: x86_64-unknown-linux-gnu
configure:4784: checking for a sed that does not truncate output
configure:4848: result: /bin/sed
configure:4866: checking for grep that handles long lines and -e
configure:4924: result: /bin/grep
configure:4929: checking for egrep
configure:4991: result: /bin/grep -E
configure:4996: checking for fgrep
configure:5058: result: /bin/grep -F
configure:5093: checking for ld used by gcc
configure:5160: result: /usr/bin/ld
configure:5167: checking if the linker (/usr/bin/ld) is GNU ld
configure:5182: result: yes
configure:5194: checking for BSD- or MS-compatible name lister (nm)
configure:5243: result: /usr/bin/nm -B
configure:5361: checking the name lister (/usr/bin/nm -B) interface
configure:5368: gcc -c -g -O2  conftest.c >&5
configure:5371: /usr/bin/nm -B "conftest.o"
configure:5374: output
0000000000000000 B some_variable
configure:5381: result: BSD nm
configure:5384: checking whether ln -s works
configure:5388: result: yes
configure:5396: checking the maximum length of command line arguments
configure:5516: result: 1572864
configure:5533: checking whether the shell understands some XSI constructs
configure:5543: result: yes
configure:5547: checking whether the shell understands "+="
configure:5553: result: yes
configure:5588: checking for /usr/bin/ld option to reload object files
configure:5595: result: -r
configure:5664: checking for objdump
configure:5680: found /usr/bin/objdump
configure:5691: result: objdump
configure:5723: checking how to recognize dependent libraries
configure:5919: result: pass_all
configure:5979: checking for ar
configure:5995: found /usr/bin/ar
configure:6006: result: ar
configure:6084: checking for strip
configure:6100: found /usr/bin/strip
configure:6111: result: strip
configure:6183: checking for ranlib
configure:6199: found /usr/bin/ranlib
configure:6210: result: ranlib
configure:6300: checking command to parse /usr/bin/nm -B output from gcc object
configure:6418: gcc -c -g -O2  conftest.c >&5
configure:6421: $? = 0
configure:6425: /usr/bin/nm -B conftest.o \| sed -n -e 's/^.*[	 ]\([ABCDGIRSTW][ABCDGIRSTW]*\)[	 ][	 ]*\([_A-Za-z][_A-Za-z0-9]*\)$/\1 \2 \2/p' \> conftest.nm
configure:6428: $? = 0
configure:6482: gcc -o conftest -g -O2   conftest.c conftstm.o >&5
configure:6485: $? = 0
configure:6523: result: ok
configure:6619: gcc -c -g -O2  conftest.c >&5
configure:6622: $? = 0
configure:7328: checking for ANSI C header files
configure:7348: gcc -c -g -O2  conftest.c >&5
configure:7348: $? = 0
configure:7421: gcc -o conftest -g -O2   conftest.c  >&5
configure:7421: $? = 0
configure:7421: ./conftest
configure:7421: $? = 0
configure:7432: result: yes
configure:7445: checking for sys/types.h
configure:7445: gcc -c -g -O2  conftest.c >&5
configure:7445: $? = 0
configure:7445: result: yes
configure:7445: checking for sys/stat.h
configure:7445: gcc -c -g -O2  conftest.c >&5
configure:7445: $? = 0
configure:7445: result: yes
configure:7445: checking for stdlib.h
configure:7445: gcc -c -g -O2  conftest.c >&5
configure:7445: $? = 0
configure:7445: result: yes
configure:7445: checking for string.h
configure:7445: gcc -c -g -O2  conftest.c >&5
configure:7445: $? = 0
configure:7445: result: yes
configure:7445: checking for memory.h
configure:7445: gcc -c -g -O2  conftest.c >&5
configure:7445: $? = 0
configure:7445: result: yes
configure:7445: checking for strings.h
configure:7445: gcc -c -g -O2  conftest.c >&5
configure:7445: $? = 0
configure:7445: result: yes
configure:7445: checking for inttypes.h
configure:7445: gcc -c -g -O2  conftest.c >&5
configure:7445: $? = 0
configure:7445: result: yes
configure:7445: checking for stdint.h
configure:7445: gcc -c -g -O2  conftest.c >&5
configure:7445: $? = 0
configure:7445: result: yes
configure:7445: checking for unistd.h
configure:7445: gcc -c -g -O2  conftest.c >&5
configure:7445: $? = 0
configure:7445: result: yes
configure:7460: checking for dlfcn.h
configure:7460: gcc -c -g -O2  conftest.c >&5
configure:7460: $? = 0
configure:7460: result: yes
configure:7585: checking for C++ compiler version
configure:7594: g++ --version >&5
g++ (Ubuntu 4.8.4-2ubuntu1~14.04.3) 4.8.4
Copyright (C) 2013 Free Software Foundation, Inc.
This is free software; see the source for copying conditions.  There is NO
warranty; not even for MERCHANTABILITY or FITNESS FOR A PARTICULAR PURPOSE.

configure:7605: $? = 0
configure:7594: g++ -v >&5
Using built-in specs.
COLLECT_GCC=g++
COLLECT_LTO_WRAPPER=/usr/lib/gcc/x86_64-linux-gnu/4.8/lto-wrapper
Target: x86_64-linux-gnu
Configured with: ../src/configure -v --with-pkgversion='Ubuntu 4.8.4-2ubuntu1~14.04.3' --with-bugurl=file:///usr/share/doc/gcc-4.8/README.Bugs --enable-languages=c,c++,java,go,d,fortran,objc,obj-c++ --prefix=/usr --program-suffix=-4.8 --enable-shared --enable-linker-build-id --libexecdir=/usr/lib --without-included-gettext --enable-threads=posix --with-gxx-include-dir=/usr/include/c++/4.8 --libdir=/usr/lib --enable-nls --with-sysroot=/ --enable-clocale=gnu --enable-libstdcxx-debug --enable-libstdcxx-time=yes --enable-gnu-unique-object --disable-libmudflap --enable-plugin --with-system-zlib --disable-browser-plugin --enable-java-awt=gtk --enable-gtk-cairo --with-java-home=/usr/lib/jvm/java-1.5.0-gcj-4.8-amd64/jre --enable-java-home --with-jvm-root-dir=/usr/lib/jvm/java-1.5.0-gcj-4.8-amd64 --with-jvm-jar-dir=/usr/lib/jvm-exports/java-1.5.0-gcj-4.8-amd64 --with-arch-directory=amd64 --with-ecj-jar=/usr/share/java/eclipse-ecj.jar --enable-objc-gc --enable-multiarch --disable-werror --with-arch-32=i686 --with-abi=m64 --with-multilib-list=m32,m64,mx32 --with-tune=generic --enable-checking=release --build=x86_64-linux-gnu --host=x86_64-linux-gnu --target=x86_64-linux-gnu
Thread model: posix
gcc version 4.8.4 (Ubuntu 4.8.4-2ubuntu1~14.04.3) 
configure:7605: $? = 0
configure:7594: g++ -V >&5
g++: error: unrecognized command line option '-V'
g++: fatal error: no input files
compilation terminated.
configure:7605: $? = 4
configure:7594: g++ -qversion >&5
g++: error: unrecognized command line option '-qversion'
g++: fatal error: no input files
compilation terminated.
configure:7605: $? = 4
configure:7609: checking whether we are using the GNU C++ compiler
configure:7637: result: yes
configure:7646: checking whether g++ accepts -g
configure:7707: result: yes
configure:7732: checking dependency style of g++
configure:7842: result: gcc3
configure:7865: checking how to run the C++ preprocessor
configure:7892: g++ -E  conftest.cpp
configure:7892: $? = 0
configure:7906: g++ -E  conftest.cpp
conftest.cpp:22:28: fatal error: ac_nonexistent.h: No such file or directory
 #include <ac_nonexistent.h>
                            ^
compilation terminated.
configure:7906: $? = 1
configure: failed program was:
| /* confdefs.h */
| #define PACKAGE_NAME "libtorrent-rasterbar"
| #define PACKAGE_TARNAME "libtorrent-rasterbar"
| #define PACKAGE_VERSION "0.14.7"
| #define PACKAGE_STRING "libtorrent-rasterbar 0.14.7"
| #define PACKAGE_BUGREPORT "arvid@cs.umu.se"
| #define PACKAGE_URL ""
| #define PACKAGE "libtorrent-rasterbar"
| #define VERSION "0.14.7"
| #define STDC_HEADERS 1
| #define HAVE_SYS_TYPES_H 1
| #define HAVE_SYS_STAT_H 1
| #define HAVE_STDLIB_H 1
| #define HAVE_STRING_H 1
| #define HAVE_MEMORY_H 1
| #define HAVE_STRINGS_H 1
| #define HAVE_INTTYPES_H 1
| #define HAVE_STDINT_H 1
| #define HAVE_UNISTD_H 1
| #define HAVE_DLFCN_H 1
| /* end confdefs.h.  */
| #include <ac_nonexistent.h>
configure:7931: result: g++ -E
configure:7951: g++ -E  conftest.cpp
configure:7951: $? = 0
configure:7965: g++ -E  conftest.cpp
conftest.cpp:22:28: fatal error: ac_nonexistent.h: No such file or directory
 #include <ac_nonexistent.h>
                            ^
compilation terminated.
configure:7965: $? = 1
configure: failed program was:
| /* confdefs.h */
| #define PACKAGE_NAME "libtorrent-rasterbar"
| #define PACKAGE_TARNAME "libtorrent-rasterbar"
| #define PACKAGE_VERSION "0.14.7"
| #define PACKAGE_STRING "libtorrent-rasterbar 0.14.7"
| #define PACKAGE_BUGREPORT "arvid@cs.umu.se"
| #define PACKAGE_URL ""
| #define PACKAGE "libtorrent-rasterbar"
| #define VERSION "0.14.7"
| #define STDC_HEADERS 1
| #define HAVE_SYS_TYPES_H 1
| #define HAVE_SYS_STAT_H 1
| #define HAVE_STDLIB_H 1
| #define HAVE_STRING_H 1
| #define HAVE_MEMORY_H 1
| #define HAVE_STRINGS_H 1
| #define HAVE_INTTYPES_H 1
| #define HAVE_STDINT_H 1
| #define HAVE_UNISTD_H 1
| #define HAVE_DLFCN_H 1
| /* end confdefs.h.  */
| #include <ac_nonexistent.h>
configure:8171: checking for objdir
configure:8186: result: .libs
configure:8482: checking if gcc supports -fno-rtti -fno-exceptions
configure:8500: gcc -c -g -O2  -fno-rtti -fno-exceptions conftest.c >&5
cc1: warning: command line option '-fno-rtti' is valid for C++/ObjC++ but not for C [enabled by default]
configure:8504: $? = 0
configure:8517: result: no
configure:8537: checking for gcc option to produce PIC
configure:8809: result: -fPIC -DPIC
configure:8821: checking if gcc PIC flag -fPIC -DPIC works
configure:8839: gcc -c -g -O2  -fPIC -DPIC -DPIC conftest.c >&5
configure:8843: $? = 0
configure:8856: result: yes
configure:8880: checking if gcc static flag -static works
configure:8908: result: yes
configure:8923: checking if gcc supports -c -o file.o
configure:8944: gcc -c -g -O2  -o out/conftest2.o conftest.c >&5
configure:8948: $? = 0
configure:8970: result: yes
configure:8978: checking if gcc supports -c -o file.o
configure:9025: result: yes
configure:9058: checking whether the gcc linker (/usr/bin/ld -m elf_x86_64) supports shared libraries
configure:10044: result: yes
configure:10081: checking whether -lc should be explicitly linked in
configure:10086: gcc -c -g -O2  conftest.c >&5
configure:10089: $? = 0
configure:10104: gcc -shared conftest.o  -v -Wl,-soname -Wl,conftest -o conftest 2\>\&1 \| /bin/grep  -lc  \>/dev/null 2\>\&1
configure:10107: $? = 0
configure:10119: result: no
configure:10283: checking dynamic linker characteristics
configure:10716: gcc -o conftest -g -O2   -Wl,-rpath -Wl,/foo conftest.c  >&5
configure:10716: $? = 0
configure:10934: result: GNU/Linux ld.so
configure:11036: checking how to hardcode library paths into programs
configure:11061: result: immediate
configure:11581: checking whether stripping libraries is possible
configure:11586: result: yes
configure:11621: checking if libtool supports shared libraries
configure:11623: result: yes
configure:11626: checking whether to build shared libraries
configure:11647: result: yes
configure:11650: checking whether to build static libraries
configure:11654: result: yes
configure:11804: checking for ld used by g++
configure:11871: result: /usr/bin/ld -m elf_x86_64
configure:11878: checking if the linker (/usr/bin/ld -m elf_x86_64) is GNU ld
configure:11893: result: yes
configure:11948: checking whether the g++ linker (/usr/bin/ld -m elf_x86_64) supports shared libraries
configure:12861: result: yes
configure:12889: g++ -c -g -O2  conftest.cpp >&5
configure:12892: $? = 0
configure:13074: checking for g++ option to produce PIC
configure:13391: result: -fPIC -DPIC
configure:13400: checking if g++ PIC flag -fPIC -DPIC works
configure:13418: g++ -c -g -O2  -fPIC -DPIC -DPIC conftest.cpp >&5
configure:13422: $? = 0
configure:13435: result: yes
configure:13456: checking if g++ static flag -static works
configure:13484: result: yes
configure:13496: checking if g++ supports -c -o file.o
configure:13517: g++ -c -g -O2  -o out/conftest2.o conftest.cpp >&5
configure:13521: $? = 0
configure:13543: result: yes
configure:13548: checking if g++ supports -c -o file.o
configure:13595: result: yes
configure:13625: checking whether the g++ linker (/usr/bin/ld -m elf_x86_64) supports shared libraries
configure:13651: result: yes
configure:13788: checking dynamic linker characteristics
configure:14169: g++ -o conftest -g -O2   -Wl,-rpath -Wl,/foo conftest.cpp  >&5
configure:14169: $? = 0
configure:14387: result: GNU/Linux ld.so
configure:14438: checking how to hardcode library paths into programs
configure:14463: result: immediate
configure:14530: checking for special C compiler options needed for large files
configure:14575: result: no
configure:14581: checking for _FILE_OFFSET_BITS value needed for large files
configure:14606: gcc -c -g -O2  conftest.c >&5
configure:14606: $? = 0
configure:14638: result: no
configure:14886: checking for the pthreads library -lpthreads
configure:14919: gcc -o conftest -g -O2    conftest.c -lpthreads  >&5
conftest.c: In function 'main':
conftest.c:28:22: warning: null argument where non-null required (argument 1) [-Wnonnull]
                      pthread_attr_init(0); pthread_cleanup_push(0, 0);
                      ^
conftest.c:29:22: warning: null argument where non-null required (argument 1) [-Wnonnull]
                      pthread_create(0,0,0,0); pthread_cleanup_pop(0);
                      ^
conftest.c:29:22: warning: null argument where non-null required (argument 3) [-Wnonnull]
/usr/bin/ld: cannot find -lpthreads
collect2: error: ld returned 1 exit status
configure:14919: $? = 1
configure: failed program was:
| /* confdefs.h */
| #define PACKAGE_NAME "libtorrent-rasterbar"
| #define PACKAGE_TARNAME "libtorrent-rasterbar"
| #define PACKAGE_VERSION "0.14.7"
| #define PACKAGE_STRING "libtorrent-rasterbar 0.14.7"
| #define PACKAGE_BUGREPORT "arvid@cs.umu.se"
| #define PACKAGE_URL ""
| #define PACKAGE "libtorrent-rasterbar"
| #define VERSION "0.14.7"
| #define STDC_HEADERS 1
| #define HAVE_SYS_TYPES_H 1
| #define HAVE_SYS_STAT_H 1
| #define HAVE_STDLIB_H 1
| #define HAVE_STRING_H 1
| #define HAVE_MEMORY_H 1
| #define HAVE_STRINGS_H 1
| #define HAVE_INTTYPES_H 1
| #define HAVE_STDINT_H 1
| #define HAVE_UNISTD_H 1
| #define HAVE_DLFCN_H 1
| #define LT_OBJDIR ".libs/"
| /* end confdefs.h.  */
| #include <pthread.h>
| int
| main ()
| {
| pthread_t th; pthread_join(th, 0);
|                      pthread_attr_init(0); pthread_cleanup_push(0, 0);
|                      pthread_create(0,0,0,0); pthread_cleanup_pop(0);
|   ;
|   return 0;
| }
configure:14928: result: no
configure:14831: checking whether pthreads work without any flags
configure:14919: gcc -o conftest -g -O2    conftest.c   >&5
conftest.c: In function 'main':
conftest.c:28:22: warning: null argument where non-null required (argument 1) [-Wnonnull]
                      pthread_attr_init(0); pthread_cleanup_push(0, 0);
                      ^
conftest.c:29:22: warning: null argument where non-null required (argument 1) [-Wnonnull]
                      pthread_create(0,0,0,0); pthread_cleanup_pop(0);
                      ^
conftest.c:29:22: warning: null argument where non-null required (argument 3) [-Wnonnull]
/tmp/cclrP62X.o: In function `main':
/home/prog/NetBeansProjects/libtorrent-rasterbar-0.14.7/conftest.c:27: undefined reference to `pthread_join'
/home/prog/NetBeansProjects/libtorrent-rasterbar-0.14.7/conftest.c:28: undefined reference to `__pthread_register_cancel'
/home/prog/NetBeansProjects/libtorrent-rasterbar-0.14.7/conftest.c:29: undefined reference to `pthread_create'
/home/prog/NetBeansProjects/libtorrent-rasterbar-0.14.7/conftest.c:29: undefined reference to `__pthread_unregister_cancel'
collect2: error: ld returned 1 exit status
configure:14919: $? = 1
configure: failed program was:
| /* confdefs.h */
| #define PACKAGE_NAME "libtorrent-rasterbar"
| #define PACKAGE_TARNAME "libtorrent-rasterbar"
| #define PACKAGE_VERSION "0.14.7"
| #define PACKAGE_STRING "libtorrent-rasterbar 0.14.7"
| #define PACKAGE_BUGREPORT "arvid@cs.umu.se"
| #define PACKAGE_URL ""
| #define PACKAGE "libtorrent-rasterbar"
| #define VERSION "0.14.7"
| #define STDC_HEADERS 1
| #define HAVE_SYS_TYPES_H 1
| #define HAVE_SYS_STAT_H 1
| #define HAVE_STDLIB_H 1
| #define HAVE_STRING_H 1
| #define HAVE_MEMORY_H 1
| #define HAVE_STRINGS_H 1
| #define HAVE_INTTYPES_H 1
| #define HAVE_STDINT_H 1
| #define HAVE_UNISTD_H 1
| #define HAVE_DLFCN_H 1
| #define LT_OBJDIR ".libs/"
| /* end confdefs.h.  */
| #include <pthread.h>
| int
| main ()
| {
| pthread_t th; pthread_join(th, 0);
|                      pthread_attr_init(0); pthread_cleanup_push(0, 0);
|                      pthread_create(0,0,0,0); pthread_cleanup_pop(0);
|   ;
|   return 0;
| }
configure:14928: result: no
configure:14836: checking whether pthreads work with -Kthread
configure:14919: gcc -o conftest -g -O2 -Kthread   conftest.c   >&5
gcc: error: unrecognized command line option '-Kthread'
configure:14919: $? = 1
configure: failed program was:
| /* confdefs.h */
| #define PACKAGE_NAME "libtorrent-rasterbar"
| #define PACKAGE_TARNAME "libtorrent-rasterbar"
| #define PACKAGE_VERSION "0.14.7"
| #define PACKAGE_STRING "libtorrent-rasterbar 0.14.7"
| #define PACKAGE_BUGREPORT "arvid@cs.umu.se"
| #define PACKAGE_URL ""
| #define PACKAGE "libtorrent-rasterbar"
| #define VERSION "0.14.7"
| #define STDC_HEADERS 1
| #define HAVE_SYS_TYPES_H 1
| #define HAVE_SYS_STAT_H 1
| #define HAVE_STDLIB_H 1
| #define HAVE_STRING_H 1
| #define HAVE_MEMORY_H 1
| #define HAVE_STRINGS_H 1
| #define HAVE_INTTYPES_H 1
| #define HAVE_STDINT_H 1
| #define HAVE_UNISTD_H 1
| #define HAVE_DLFCN_H 1
| #define LT_OBJDIR ".libs/"
| /* end confdefs.h.  */
| #include <pthread.h>
| int
| main ()
| {
| pthread_t th; pthread_join(th, 0);
|                      pthread_attr_init(0); pthread_cleanup_push(0, 0);
|                      pthread_create(0,0,0,0); pthread_cleanup_pop(0);
|   ;
|   return 0;
| }
configure:14928: result: no
configure:14836: checking whether pthreads work with -kthread
configure:14919: gcc -o conftest -g -O2 -kthread   conftest.c   >&5
gcc: error: unrecognized command line option '-kthread'
configure:14919: $? = 1
configure: failed program was:
| /* confdefs.h */
| #define PACKAGE_NAME "libtorrent-rasterbar"
| #define PACKAGE_TARNAME "libtorrent-rasterbar"
| #define PACKAGE_VERSION "0.14.7"
| #define PACKAGE_STRING "libtorrent-rasterbar 0.14.7"
| #define PACKAGE_BUGREPORT "arvid@cs.umu.se"
| #define PACKAGE_URL ""
| #define PACKAGE "libtorrent-rasterbar"
| #define VERSION "0.14.7"
| #define STDC_HEADERS 1
| #define HAVE_SYS_TYPES_H 1
| #define HAVE_SYS_STAT_H 1
| #define HAVE_STDLIB_H 1
| #define HAVE_STRING_H 1
| #define HAVE_MEMORY_H 1
| #define HAVE_STRINGS_H 1
| #define HAVE_INTTYPES_H 1
| #define HAVE_STDINT_H 1
| #define HAVE_UNISTD_H 1
| #define HAVE_DLFCN_H 1
| #define LT_OBJDIR ".libs/"
| /* end confdefs.h.  */
| #include <pthread.h>
| int
| main ()
| {
| pthread_t th; pthread_join(th, 0);
|                      pthread_attr_init(0); pthread_cleanup_push(0, 0);
|                      pthread_create(0,0,0,0); pthread_cleanup_pop(0);
|   ;
|   return 0;
| }
configure:14928: result: no
configure:14886: checking for the pthreads library -llthread
configure:14919: gcc -o conftest -g -O2    conftest.c -llthread  >&5
conftest.c: In function 'main':
conftest.c:28:22: warning: null argument where non-null required (argument 1) [-Wnonnull]
                      pthread_attr_init(0); pthread_cleanup_push(0, 0);
                      ^
conftest.c:29:22: warning: null argument where non-null required (argument 1) [-Wnonnull]
                      pthread_create(0,0,0,0); pthread_cleanup_pop(0);
                      ^
conftest.c:29:22: warning: null argument where non-null required (argument 3) [-Wnonnull]
/usr/bin/ld: cannot find -llthread
collect2: error: ld returned 1 exit status
configure:14919: $? = 1
configure: failed program was:
| /* confdefs.h */
| #define PACKAGE_NAME "libtorrent-rasterbar"
| #define PACKAGE_TARNAME "libtorrent-rasterbar"
| #define PACKAGE_VERSION "0.14.7"
| #define PACKAGE_STRING "libtorrent-rasterbar 0.14.7"
| #define PACKAGE_BUGREPORT "arvid@cs.umu.se"
| #define PACKAGE_URL ""
| #define PACKAGE "libtorrent-rasterbar"
| #define VERSION "0.14.7"
| #define STDC_HEADERS 1
| #define HAVE_SYS_TYPES_H 1
| #define HAVE_SYS_STAT_H 1
| #define HAVE_STDLIB_H 1
| #define HAVE_STRING_H 1
| #define HAVE_MEMORY_H 1
| #define HAVE_STRINGS_H 1
| #define HAVE_INTTYPES_H 1
| #define HAVE_STDINT_H 1
| #define HAVE_UNISTD_H 1
| #define HAVE_DLFCN_H 1
| #define LT_OBJDIR ".libs/"
| /* end confdefs.h.  */
| #include <pthread.h>
| int
| main ()
| {
| pthread_t th; pthread_join(th, 0);
|                      pthread_attr_init(0); pthread_cleanup_push(0, 0);
|                      pthread_create(0,0,0,0); pthread_cleanup_pop(0);
|   ;
|   return 0;
| }
configure:14928: result: no
configure:14836: checking whether pthreads work with -pthread
configure:14919: gcc -o conftest -g -O2 -pthread   conftest.c   >&5
conftest.c: In function 'main':
conftest.c:28:22: warning: null argument where non-null required (argument 1) [-Wnonnull]
                      pthread_attr_init(0); pthread_cleanup_push(0, 0);
                      ^
conftest.c:29:22: warning: null argument where non-null required (argument 1) [-Wnonnull]
                      pthread_create(0,0,0,0); pthread_cleanup_pop(0);
                      ^
conftest.c:29:22: warning: null argument where non-null required (argument 3) [-Wnonnull]
configure:14919: $? = 0
configure:14928: result: yes
configure:14948: checking for joinable pthread attribute
configure:14961: gcc -o conftest -g -O2 -pthread   conftest.c   >&5
configure:14961: $? = 0
configure:14993: result: PTHREAD_CREATE_JOINABLE
configure:15000: checking if more special flags are required for pthreads
configure:15007: result: no
configure:15019: checking for cc_r
configure:15047: result: gcc
configure:15140: checking for boostlib >= 1.35
configure:15194: g++ -c -g -O2   conftest.cpp >&5
conftest.cpp:25:30: fatal error: boost/version.hpp: No such file or directory
  #include <boost/version.hpp>
                              ^
compilation terminated.
configure:15194: $? = 1
configure: failed program was:
| /* confdefs.h */
| #define PACKAGE_NAME "libtorrent-rasterbar"
| #define PACKAGE_TARNAME "libtorrent-rasterbar"
| #define PACKAGE_VERSION "0.14.7"
| #define PACKAGE_STRING "libtorrent-rasterbar 0.14.7"
| #define PACKAGE_BUGREPORT "arvid@cs.umu.se"
| #define PACKAGE_URL ""
| #define PACKAGE "libtorrent-rasterbar"
| #define VERSION "0.14.7"
| #define STDC_HEADERS 1
| #define HAVE_SYS_TYPES_H 1
| #define HAVE_SYS_STAT_H 1
| #define HAVE_STDLIB_H 1
| #define HAVE_STRING_H 1
| #define HAVE_MEMORY_H 1
| #define HAVE_STRINGS_H 1
| #define HAVE_INTTYPES_H 1
| #define HAVE_STDINT_H 1
| #define HAVE_UNISTD_H 1
| #define HAVE_DLFCN_H 1
| #define LT_OBJDIR ".libs/"
| #define HAVE_PTHREAD 1
| /* end confdefs.h.  */
| 
| 	#include <boost/version.hpp>
| 
| int
| main ()
| {
| 
| 	#if BOOST_VERSION >= 103500
| 	// Everything is okay
| 	#else
| 	#  error Boost version is too old
| 	#endif
| 
|   ;
|   return 0;
| }
configure:15293: g++ -c -g -O2   -I/include/boost-0 conftest.cpp >&5
conftest.cpp:25:31: fatal error: boost/version.hpp: No such file or directory
   #include <boost/version.hpp>
                               ^
compilation terminated.
configure:15293: $? = 1
configure: failed program was:
| /* confdefs.h */
| #define PACKAGE_NAME "libtorrent-rasterbar"
| #define PACKAGE_TARNAME "libtorrent-rasterbar"
| #define PACKAGE_VERSION "0.14.7"
| #define PACKAGE_STRING "libtorrent-rasterbar 0.14.7"
| #define PACKAGE_BUGREPORT "arvid@cs.umu.se"
| #define PACKAGE_URL ""
| #define PACKAGE "libtorrent-rasterbar"
| #define VERSION "0.14.7"
| #define STDC_HEADERS 1
| #define HAVE_SYS_TYPES_H 1
| #define HAVE_SYS_STAT_H 1
| #define HAVE_STDLIB_H 1
| #define HAVE_STRING_H 1
| #define HAVE_MEMORY_H 1
| #define HAVE_STRINGS_H 1
| #define HAVE_INTTYPES_H 1
| #define HAVE_STDINT_H 1
| #define HAVE_UNISTD_H 1
| #define HAVE_DLFCN_H 1
| #define LT_OBJDIR ".libs/"
| #define HAVE_PTHREAD 1
| /* end confdefs.h.  */
| 
| 		#include <boost/version.hpp>
| 
| int
| main ()
| {
| 
| 		#if BOOST_VERSION >= 103500
| 		// Everything is okay
| 		#else
| 		#  error Boost version is too old
| 		#endif
| 
|   ;
|   return 0;
| }
configure:15316: result: no
configure:15367: checking for boostlib >= 1.34
configure:15421: g++ -c -g -O2  -I/include/boost-0 conftest.cpp >&5
conftest.cpp:25:30: fatal error: boost/version.hpp: No such file or directory
  #include <boost/version.hpp>
                              ^
compilation terminated.
configure:15421: $? = 1
configure: failed program was:
| /* confdefs.h */
| #define PACKAGE_NAME "libtorrent-rasterbar"
| #define PACKAGE_TARNAME "libtorrent-rasterbar"
| #define PACKAGE_VERSION "0.14.7"
| #define PACKAGE_STRING "libtorrent-rasterbar 0.14.7"
| #define PACKAGE_BUGREPORT "arvid@cs.umu.se"
| #define PACKAGE_URL ""
| #define PACKAGE "libtorrent-rasterbar"
| #define VERSION "0.14.7"
| #define STDC_HEADERS 1
| #define HAVE_SYS_TYPES_H 1
| #define HAVE_SYS_STAT_H 1
| #define HAVE_STDLIB_H 1
| #define HAVE_STRING_H 1
| #define HAVE_MEMORY_H 1
| #define HAVE_STRINGS_H 1
| #define HAVE_INTTYPES_H 1
| #define HAVE_STDINT_H 1
| #define HAVE_UNISTD_H 1
| #define HAVE_DLFCN_H 1
| #define LT_OBJDIR ".libs/"
| #define HAVE_PTHREAD 1
| /* end confdefs.h.  */
| 
| 	#include <boost/version.hpp>
| 
| int
| main ()
| {
| 
| 	#if BOOST_VERSION >= 103400
| 	// Everything is okay
| 	#else
| 	#  error Boost version is too old
| 	#endif
| 
|   ;
|   return 0;
| }
configure:15520: g++ -c -g -O2  -I/include/boost-0 -I/include/boost-0 conftest.cpp >&5
conftest.cpp:25:31: fatal error: boost/version.hpp: No such file or directory
   #include <boost/version.hpp>
                               ^
compilation terminated.
configure:15520: $? = 1
configure: failed program was:
| /* confdefs.h */
| #define PACKAGE_NAME "libtorrent-rasterbar"
| #define PACKAGE_TARNAME "libtorrent-rasterbar"
| #define PACKAGE_VERSION "0.14.7"
| #define PACKAGE_STRING "libtorrent-rasterbar 0.14.7"
| #define PACKAGE_BUGREPORT "arvid@cs.umu.se"
| #define PACKAGE_URL ""
| #define PACKAGE "libtorrent-rasterbar"
| #define VERSION "0.14.7"
| #define STDC_HEADERS 1
| #define HAVE_SYS_TYPES_H 1
| #define HAVE_SYS_STAT_H 1
| #define HAVE_STDLIB_H 1
| #define HAVE_STRING_H 1
| #define HAVE_MEMORY_H 1
| #define HAVE_STRINGS_H 1
| #define HAVE_INTTYPES_H 1
| #define HAVE_STDINT_H 1
| #define HAVE_UNISTD_H 1
| #define HAVE_DLFCN_H 1
| #define LT_OBJDIR ".libs/"
| #define HAVE_PTHREAD 1
| /* end confdefs.h.  */
| 
| 		#include <boost/version.hpp>
| 
| int
| main ()
| {
| 
| 		#if BOOST_VERSION >= 103400
| 		// Everything is okay
| 		#else
| 		#  error Boost version is too old
| 		#endif
| 
|   ;
|   return 0;
| }
configure:15544: error: We could not detect the boost libraries (version 1.34 or higher). If you have a staged boost library (still not installed) please specify $BOOST_ROOT in your environment and do not give a PATH to --with-boost option.  If you are sure you have boost installed, then check your version number looking in <boost/version.hpp>. See http://randspringer.de/boost for more documentation.

## ---------------- ##
## Cache variables. ##
## ---------------- ##

ac_cv_build=x86_64-unknown-linux-gnu
ac_cv_c_compiler_gnu=yes
ac_cv_cxx_compiler_gnu=yes
ac_cv_env_CCC_set=
ac_cv_env_CCC_value=
ac_cv_env_CC_set=
ac_cv_env_CC_value=
ac_cv_env_CFLAGS_set=
ac_cv_env_CFLAGS_value=
ac_cv_env_CPPFLAGS_set=
ac_cv_env_CPPFLAGS_value=
ac_cv_env_CPP_set=
ac_cv_env_CPP_value=
ac_cv_env_CXXCPP_set=
ac_cv_env_CXXCPP_value=
ac_cv_env_CXXFLAGS_set=
ac_cv_env_CXXFLAGS_value=
ac_cv_env_CXX_set=
ac_cv_env_CXX_value=
ac_cv_env_GEOIP_CFLAGS_set=
ac_cv_env_GEOIP_CFLAGS_value=
ac_cv_env_GEOIP_LIBS_set=
ac_cv_env_GEOIP_LIBS_value=
ac_cv_env_LDFLAGS_set=
ac_cv_env_LDFLAGS_value=
ac_cv_env_LIBS_set=
ac_cv_env_LIBS_value=
ac_cv_env_PKG_CONFIG_set=
ac_cv_env_PKG_CONFIG_value=
ac_cv_env_build_alias_set=
ac_cv_env_build_alias_value=
ac_cv_env_host_alias_set=
ac_cv_env_host_alias_value=
ac_cv_env_target_alias_set=
ac_cv_env_target_alias_value=
ac_cv_header_dlfcn_h=yes
ac_cv_header_inttypes_h=yes
ac_cv_header_memory_h=yes
ac_cv_header_stdc=yes
ac_cv_header_stdint_h=yes
ac_cv_header_stdlib_h=yes
ac_cv_header_string_h=yes
ac_cv_header_strings_h=yes
ac_cv_header_sys_stat_h=yes
ac_cv_header_sys_types_h=yes
ac_cv_header_unistd_h=yes
ac_cv_host=x86_64-unknown-linux-gnu
ac_cv_objext=o
ac_cv_path_EGREP='/bin/grep -E'
ac_cv_path_FGREP='/bin/grep -F'
ac_cv_path_GREP=/bin/grep
ac_cv_path_SED=/bin/sed
ac_cv_path_install='/usr/bin/install -c'
ac_cv_path_mkdir=/bin/mkdir
ac_cv_prog_AWK=mawk
ac_cv_prog_CPP='gcc -E'
ac_cv_prog_CXXCPP='g++ -E'
ac_cv_prog_PTHREAD_CC=gcc
ac_cv_prog_ac_ct_AR=ar
ac_cv_prog_ac_ct_CC=gcc
ac_cv_prog_ac_ct_CXX=g++
ac_cv_prog_ac_ct_OBJDUMP=objdump
ac_cv_prog_ac_ct_RANLIB=ranlib
ac_cv_prog_ac_ct_STRIP=strip
ac_cv_prog_cc_c89=
ac_cv_prog_cc_g=yes
ac_cv_prog_cxx_g=yes
ac_cv_prog_make_make_set=yes
ac_cv_sys_file_offset_bits=no
ac_cv_sys_largefile_CC=no
am_cv_CC_dependencies_compiler_type=gcc3
am_cv_CXX_dependencies_compiler_type=gcc3
lt_cv_deplibs_check_method=pass_all
lt_cv_file_magic_cmd='$MAGIC_CMD'
lt_cv_file_magic_test_file=
lt_cv_ld_reload_flag=-r
lt_cv_nm_interface='BSD nm'
lt_cv_objdir=.libs
lt_cv_path_LD=/usr/bin/ld
lt_cv_path_LDCXX='/usr/bin/ld -m elf_x86_64'
lt_cv_path_NM='/usr/bin/nm -B'
lt_cv_prog_compiler_c_o=yes
lt_cv_prog_compiler_c_o_CXX=yes
lt_cv_prog_compiler_pic_works=yes
lt_cv_prog_compiler_pic_works_CXX=yes
lt_cv_prog_compiler_rtti_exceptions=no
lt_cv_prog_compiler_static_works=yes
lt_cv_prog_compiler_static_works_CXX=yes
lt_cv_prog_gnu_ld=yes
lt_cv_prog_gnu_ldcxx=yes
lt_cv_sys_global_symbol_pipe='sed -n -e '\''s/^.*[	 ]\([ABCDGIRSTW][ABCDGIRSTW]*\)[	 ][	 ]*\([_A-Za-z][_A-Za-z0-9]*\)$/\1 \2 \2/p'\'''
lt_cv_sys_global_symbol_to_c_name_address='sed -n -e '\''s/^: \([^ ]*\) $/  {\"\1\", (void *) 0},/p'\'' -e '\''s/^[ABCDGIRSTW]* \([^ ]*\) \([^ ]*\)$/  {"\2", (void *) \&\2},/p'\'''
lt_cv_sys_global_symbol_to_c_name_address_lib_prefix='sed -n -e '\''s/^: \([^ ]*\) $/  {\"\1\", (void *) 0},/p'\'' -e '\''s/^[ABCDGIRSTW]* \([^ ]*\) \(lib[^ ]*\)$/  {"\2", (void *) \&\2},/p'\'' -e '\''s/^[ABCDGIRSTW]* \([^ ]*\) \([^ ]*\)$/  {"lib\2", (void *) \&\2},/p'\'''
lt_cv_sys_global_symbol_to_cdecl='sed -n -e '\''s/^T .* \(.*\)$/extern int \1();/p'\'' -e '\''s/^[ABCDGIRSTW]* .* \(.*\)$/extern char \1;/p'\'''
lt_cv_sys_max_cmd_len=1572864

## ----------------- ##
## Output variables. ##
## ----------------- ##

ACLOCAL='${SHELL} /home/prog/NetBeansProjects/libtorrent-rasterbar-0.14.7/missing --run aclocal-1.11'
AMDEPBACKSLASH='\'
AMDEP_FALSE='#'
AMDEP_TRUE=''
AMTAR='${SHELL} /home/prog/NetBeansProjects/libtorrent-rasterbar-0.14.7/missing --run tar'
AR='ar'
AUTOCONF='${SHELL} /home/prog/NetBeansProjects/libtorrent-rasterbar-0.14.7/missing --run autoconf'
AUTOHEADER='${SHELL} /home/prog/NetBeansProjects/libtorrent-rasterbar-0.14.7/missing --run autoheader'
AUTOMAKE='${SHELL} /home/prog/NetBeansProjects/libtorrent-rasterbar-0.14.7/missing --run automake-1.11'
AWK='mawk'
BOOST_ASIO_LIB=''
BOOST_CPPFLAGS='-I/include/boost-0'
BOOST_FILESYSTEM_LIB=''
BOOST_LDFLAGS='-L/lib'
BOOST_PROGRAM_OPTIONS_LIB=''
BOOST_PYTHON_LIB=''
BOOST_REGEX_LIB=''
BOOST_SYSTEM_LIB=''
BOOST_THREAD_LIB=''
CC='gcc'
CCDEPMODE='depmode=gcc3'
CFLAGS='-g -O2'
CLIENT_TEST_BIN=''
COMPILETIME_OPTIONS=''
CPP='gcc -E'
CPPFLAGS=''
CXX='g++'
CXXCPP='g++ -E'
CXXDEPMODE='depmode=gcc3'
CXXFLAGS='-g -O2'
CYGPATH_W='echo'
DEBUGFLAGS=''
DEFS=''
DEPDIR='.deps'
DSYMUTIL=''
DUMPBIN=''
ECHO_C=''
ECHO_N='-n'
ECHO_T=''
EGREP='/bin/grep -E'
ENABLE_EXAMPLES_FALSE=''
ENABLE_EXAMPLES_TRUE=''
ENABLE_PYTHON_BINDING_FALSE=''
ENABLE_PYTHON_BINDING_TRUE=''
ENABLE_SHIPPED_ASIO_FALSE=''
ENABLE_SHIPPED_ASIO_TRUE='#'
ENABLE_SHIPPED_ZLIB_FALSE=''
ENABLE_SHIPPED_ZLIB_TRUE=''
ENABLE_TESTS_FALSE=''
ENABLE_TESTS_TRUE=''
EXEEXT=''
FGREP='/bin/grep -F'
GEOIP_CFLAGS=''
GEOIP_LIBS=''
GREP='/bin/grep'
HAVE_SSL=''
INSTALL_DATA='${INSTALL} -m 644'
INSTALL_PROGRAM='${INSTALL}'
INSTALL_SCRIPT='${INSTALL}'
INSTALL_STRIP_PROGRAM='$(install_sh) -c -s'
INTERFACE_VERSION_INFO='5:0:0'
LD='/usr/bin/ld -m elf_x86_64'
LDFLAGS=''
LIBOBJS=''
LIBS=''
LIBTOOL='$(SHELL) $(top_builddir)/libtool'
LIPO=''
LN_S='ln -s'
LTLIBOBJS=''
MAKEINFO='${SHELL} /home/prog/NetBeansProjects/libtorrent-rasterbar-0.14.7/missing --run makeinfo'
MKDIR_P='/bin/mkdir -p'
NM='/usr/bin/nm -B'
NMEDIT=''
OBJDUMP='objdump'
OBJEXT='o'
OTOOL64=''
OTOOL=''
PACKAGE='libtorrent-rasterbar'
PACKAGE_BUGREPORT='arvid@cs.umu.se'
PACKAGE_NAME='libtorrent-rasterbar'
PACKAGE_STRING='libtorrent-rasterbar 0.14.7'
PACKAGE_TARNAME='libtorrent-rasterbar'
PACKAGE_URL=''
PACKAGE_VERSION='0.14.7'
PATH_SEPARATOR=':'
PKG_CONFIG=''
PTHREAD_CC='gcc'
PTHREAD_CFLAGS='-pthread'
PTHREAD_LIBS=''
PYTHON=''
PYTHON_EXEC_PREFIX=''
PYTHON_INCLUDE_DIR=''
PYTHON_INSTALL_PARAMS=''
PYTHON_LIB=''
PYTHON_PLATFORM=''
PYTHON_PREFIX=''
PYTHON_VERSION=''
RANLIB='ranlib'
SED='/bin/sed'
SET_MAKE=''
SHELL='/bin/bash'
SSL_CFLAGS=''
SSL_CXXFLAGS=''
SSL_LDFLAGS=''
SSL_LIBS=''
STRIP='strip'
USE_DHT_FALSE=''
USE_DHT_TRUE=''
USE_ENCRYPTION_FALSE=''
USE_ENCRYPTION_TRUE=''
VERSION='0.14.7'
WITH_SHIPPED_GEOIP_FALSE=''
WITH_SHIPPED_GEOIP_TRUE=''
ZLIB=''
ZLIBINCL=''
ac_ct_CC='gcc'
ac_ct_CXX='g++'
ac_ct_DUMPBIN=''
acx_pthread_config=''
am__EXEEXT_FALSE=''
am__EXEEXT_TRUE=''
am__fastdepCC_FALSE='#'
am__fastdepCC_TRUE=''
am__fastdepCXX_FALSE='#'
am__fastdepCXX_TRUE=''
am__include='include'
am__isrc=''
am__leading_dot='.'
am__quote=''
am__tar='${AMTAR} chof - "$$tardir"'
am__untar='${AMTAR} xf -'
bindir='${exec_prefix}/bin'
build='x86_64-unknown-linux-gnu'
build_alias=''
build_cpu='x86_64'
build_os='linux-gnu'
build_vendor='unknown'
datadir='${datarootdir}'
datarootdir='${prefix}/share'
docdir='${datarootdir}/doc/${PACKAGE_TARNAME}'
dvidir='${docdir}'
exec_prefix='NONE'
host='x86_64-unknown-linux-gnu'
host_alias=''
host_cpu='x86_64'
host_os='linux-gnu'
host_vendor='unknown'
htmldir='${docdir}'
includedir='${prefix}/include'
infodir='${datarootdir}/info'
install_sh='${SHELL} /home/prog/NetBeansProjects/libtorrent-rasterbar-0.14.7/install-sh'
libdir='${exec_prefix}/lib'
libexecdir='${exec_prefix}/libexec'
localedir='${datarootdir}/locale'
localstatedir='${prefix}/var'
lt_ECHO='echo'
mandir='${datarootdir}/man'
mkdir_p='/bin/mkdir -p'
oldincludedir='/usr/include'
pdfdir='${docdir}'
pkgpyexecdir=''
pkgpythondir=''
prefix='NONE'
program_transform_name='s,x,x,'
psdir='${docdir}'
pyexecdir=''
pythondir=''
sbindir='${exec_prefix}/sbin'
sharedstatedir='${prefix}/com'
sysconfdir='${prefix}/etc'
target_alias=''

## ----------- ##
## confdefs.h. ##
## ----------- ##

/* confdefs.h */
#define PACKAGE_NAME "libtorrent-rasterbar"
#define PACKAGE_TARNAME "libtorrent-rasterbar"
#define PACKAGE_VERSION "0.14.7"
#define PACKAGE_STRING "libtorrent-rasterbar 0.14.7"
#define PACKAGE_BUGREPORT "arvid@cs.umu.se"
#define PACKAGE_URL ""
#define PACKAGE "libtorrent-rasterbar"
#define VERSION "0.14.7"
#define STDC_HEADERS 1
#define HAVE_SYS_TYPES_H 1
#define HAVE_SYS_STAT_H 1
#define HAVE_STDLIB_H 1
#define HAVE_STRING_H 1
#define HAVE_MEMORY_H 1
#define HAVE_STRINGS_H 1
#define HAVE_INTTYPES_H 1
#define HAVE_STDINT_H 1
#define HAVE_UNISTD_H 1
#define HAVE_DLFCN_H 1
#define LT_OBJDIR ".libs/"
#define HAVE_PTHREAD 1

configure: exit 1
